[2026-03-24 08:59:18] EKINTZA: SESIOA HASI | XEHETASUNAK: Epailea sisteman dago
[2026-03-24 08:59:26] EKINTZA: SESIOA ITXI | XEHETASUNAK: Epaileak saioa amaitu du
[2026-03-24 09:01:01] EKINTZA: SESIOA HASI | XEHETASUNAK: Epailea sisteman dago
[2026-03-24 09:01:37] EKINTZA: EMAITZA GORDE | XEHETASUNAK: Kod: J 1 - 25-26 | Aloña Mendi 32 - 27 San Adrian | 
Zelaia: Zubikoa Kiroldegia | Epaileak: Maider Elorriaga Laka, Kepa Arrate Zubia
[2026-03-24 09:02:00] EKINTZA: EMAITZA GORDE | XEHETASUNAK: Kod: J 1 - 25-26 | San Adrian 32 - 27 Aloña Mendi | 
Zelaia: Polideportivo Rekalde | Epaileak: Maider Elorriaga Laka, Kepa Arrate Zubia
[2026-03-24 09:02:02] EKINTZA: SESIOA ITXI | XEHETASUNAK: Epaileak saioa amaitu du
[2026-03-25 10:34:30] EKINTZA: SESIOA HASI | XEHETASUNAK: Epailea sisteman dago
[2026-03-25 10:34:42] EKINTZA: SESIOA ITXI | XEHETASUNAK: Epaileak saioa amaitu du
[2026-03-25 10:34:56] EKINTZA: SESIOA HASI | XEHETASUNAK: Epailea sisteman dago
[2026-03-25 10:35:00] EKINTZA: SESIOA ITXI | XEHETASUNAK: Epaileak saioa amaitu du
[2026-03-25 11:49:31] EKINTZA: SESIOA HASI | XEHETASUNAK: Epailea sisteman dago
[2026-03-25 11:49:44] EKINTZA: SESIOA ITXI | XEHETASUNAK: Epaileak saioa amaitu du
[2026-03-25 12:46:11] EKINTZA: SESIOA HASI | XEHETASUNAK: Epailea sisteman dago
[2026-03-25 12:47:05] EKINTZA: SESIOA ITXI | XEHETASUNAK: Epaileak saioa amaitu du
[2026-03-25 12:53:41] EKINTZA: SESIOA HASI | XEHETASUNAK: Epailea sisteman dago
[2026-03-25 12:53:50] EKINTZA: SESIOA ITXI | XEHETASUNAK: Epaileak saioa amaitu du
[2026-03-25 12:58:25] EKINTZA: SESIOA HASI | XEHETASUNAK: Epailea sisteman dago
[2026-03-25 12:58:36] EKINTZA: SESIOA ITXI | XEHETASUNAK: Epaileak saioa amaitu du
[2026-03-25 13:00:49] EKINTZA: SESIOA HASI | XEHETASUNAK: Epailea sisteman dago
[2026-03-25 13:01:05] EKINTZA: SESIOA ITXI | XEHETASUNAK: Epaileak saioa amaitu du
