Usuario: testUser | Nombre: Test Nombre | Fecha: 2026-01-16 11:58:31
Usuario: TESTSystem | Nombre: Testeo | Fecha: 2026-01-19 11:56:57
Usuario: TESTSystem | Nombre: Testeo | Fecha: 2026-01-22 13:36:50
Usuario: TESTSystem | Nombre: Testeo | Fecha: 2026-01-26 08:26:42
Usuario: TESTSystem | Nombre: Testeo | Fecha: 2026-01-26 08:26:43
Usuario: TESTSystem | Nombre: Testeo | Fecha: 2026-01-26 08:26:44
Usuario: TESTSystem | Nombre: Testeo | Fecha: 2026-01-26 08:26:45
Usuario: TESTSystem | Nombre: Testeo | Fecha: 2026-01-26 08:26:46
Usuario: TESTSystem | Nombre: Testeo | Fecha: 2026-01-26 08:26:46
Usuario: TESTSystem | Nombre: Testeo | Fecha: 2026-01-26 08:26:46
Usuario: TESTSystem | Nombre: Testeo | Fecha: 2026-01-26 08:27:02
Usuario: TESTSystem | Nombre: Testeo | Fecha: 2026-01-26 08:27:33
Usuario: TESTSystem | Nombre: Testeo | Fecha: 2026-01-26 08:29:16
Usuario: TESTSystem | Nombre: Testeo | Fecha: 2026-01-26 08:33:23
Usuario: TESTSystem | Nombre: Testeo | Fecha: 2026-01-26 08:33:24
Usuario: F.Alo | Nombre: Fernando | Fecha: 2026-01-26 08:34:23
Usuario: TESTSystem | Nombre: Testeo | Fecha: 2026-01-26 08:36:16
Usuario: TESTSystem | Nombre: Testeo | Fecha: 2026-01-26 08:46:02
Usuario: TESTSystem | Nombre: Testeo | Fecha: 2026-01-26 08:53:06
Usuario: TESTSystem | Nombre: Testeo | Fecha: 2026-01-26 08:56:38
Usuario: TESTSystem | Nombre: Testeo | Fecha: 2026-01-26 09:01:55
Usuario: TESTSystem | Nombre: Testeo | Fecha: 2026-01-26 09:05:37
Usuario: TESTSystem | Nombre: Testeo | Fecha: 2026-01-26 09:06:20
Usuario: TESTSystem | Nombre: Testeo | Fecha: 2026-01-26 09:07:06
Usuario: TESTSystem | Nombre: Testeo | Fecha: 2026-01-26 09:08:11
Usuario: TESTSystem | Nombre: Testeo | Fecha: 2026-01-26 09:09:20
Usuario: TESTSystem | Nombre: Testeo | Fecha: 2026-01-26 09:10:35
Usuario: TESTSystem | Nombre: Testeo | Fecha: 2026-01-26 09:11:06
Usuario: TESTSystem | Nombre: Testeo | Fecha: 2026-01-26 09:16:21
Usuario: TESTSystem | Nombre: Testeo | Fecha: 2026-01-26 09:19:53
Usuario: TESTSystem | Nombre: Testeo | Fecha: 2026-01-26 12:03:19
Usuario: TESTSystem | Nombre: Testeo | Fecha: 2026-03-11 11:53:56
Usuario: TESTSystem | Nombre: Testeo | Fecha: 2026-03-11 12:07:31
Usuario: TESTSystem | Nombre: Testeo | Fecha: 2026-03-11 12:14:34
Usuario: TESTSystem | Nombre: Testeo | Fecha: 2026-03-11 12:29:47
Usuario: TESTSystem | Nombre: Testeo | Fecha: 2026-03-11 12:31:36
Usuario: TESTSystem | Nombre: Testeo | Fecha: 2026-03-11 12:44:17
Usuario: TESTSystem | Nombre: Testeo | Fecha: 2026-03-11 12:57:34
Usuario: TESTSystem | Nombre: Testeo | Fecha: 2026-03-11 13:04:52
Usuario: TESTSystem | Nombre: Testeo | Fecha: 2026-03-11 13:06:34
Usuario: TESTSystem | Nombre: Testeo | Fecha: 2026-03-11 13:24:02
Usuario: TESTSystem | Nombre: Testeo | Fecha: 2026-03-11 13:46:31
Usuario: TESTSystem | Nombre: Testeo | Fecha: 2026-03-11 14:07:29
Usuario: TESTSystem | Nombre: Testeo | Fecha: 2026-03-12 10:38:42
Usuario: TESTSystem | Nombre: Testeo | Fecha: 2026-03-12 10:39:07
Usuario: TESTSystem | Nombre: Testeo | Fecha: 2026-03-12 10:42:35
Usuario: TESTSystem | Nombre: Testeo | Fecha: 2026-03-12 10:43:29
Usuario: TESTSystem | Nombre: Testeo | Fecha: 2026-03-12 10:50:06
Usuario: TESTSystem | Nombre: Testeo | Fecha: 2026-03-12 10:51:47
Usuario: TESTSystem | Nombre: Testeo | Fecha: 2026-03-12 10:53:23
Usuario: TESTSystem | Nombre: Testeo | Fecha: 2026-03-12 11:36:59
Usuario: TESTSystem | Nombre: Testeo | Fecha: 2026-03-12 11:43:34
Usuario: TESTSystem | Nombre: Testeo | Fecha: 2026-03-12 11:47:14
Usuario: TESTSystem | Nombre: Testeo | Fecha: 2026-03-12 11:52:10
Usuario: TESTSystem | Nombre: Testeo | Fecha: 2026-03-12 12:05:06
Usuario: TESTSystem | Nombre: Testeo | Fecha: 2026-03-12 12:34:16
Usuario: TESTSystem | Nombre: Testeo | Fecha: 2026-03-12 13:20:08
Usuario: TESTSystem | Nombre: Testeo | Fecha: 2026-03-12 14:02:43
Usuario: TESTSystem | Nombre: Testeo | Fecha: 2026-03-13 08:14:09
Usuario: TESTSystem | Nombre: Testeo | Fecha: 2026-03-13 08:14:30
Usuario: TESTSystem | Nombre: Testeo | Fecha: 2026-03-13 08:54:52
Usuario: TESTSystem | Nombre: Testeo | Fecha: 2026-03-13 08:56:04
Usuario: TESTSystem | Nombre: Testeo | Fecha: 2026-03-13 09:08:57
Usuario: TESTSystem | Nombre: Testeo | Fecha: 2026-03-13 09:11:29
Usuario: TESTSystem | Nombre: Testeo | Fecha: 2026-03-13 09:32:37
Usuario: TESTSystem | Nombre: Testeo | Fecha: 2026-03-13 09:32:57
Usuario: TESTSystem | Nombre: Testeo | Fecha: 2026-03-13 09:34:56
Usuario: TESTSystem | Nombre: Testeo | Fecha: 2026-03-13 09:46:10
Usuario: TESTSystem | Nombre: Testeo | Fecha: 2026-03-13 09:47:45
Usuario: TESTSystem | Nombre: Testeo | Fecha: 2026-03-13 09:49:00
Usuario: TESTSystem | Nombre: Testeo | Fecha: 2026-03-13 09:50:39
Usuario: TESTSystem | Nombre: Testeo | Fecha: 2026-03-13 10:13:35
Usuario: TESTSystem | Nombre: Testeo | Fecha: 2026-03-13 10:16:55
Usuario: TESTSystem | Nombre: Testeo | Fecha: 2026-03-13 10:52:52
Usuario: TESTSystem | Nombre: Testeo | Fecha: 2026-03-13 11:54:46
Usuario: TESTSystem | Nombre: Testeo | Fecha: 2026-03-13 12:04:30
Usuario: TESTSystem | Nombre: Testeo | Fecha: 2026-03-13 12:13:31
Usuario: TESTSystem | Nombre: Testeo | Fecha: 2026-03-13 12:13:56
Usuario: TESTSystem | Nombre: Testeo | Fecha: 2026-03-13 14:34:17
Usuario: TESTSystem | Nombre: Testeo | Fecha: 2026-03-13 14:35:16
Usuario: TESTSystem | Nombre: Testeo | Fecha: 2026-03-13 14:47:46
Usuario: TESTSystem | Nombre: Testeo | Fecha: 2026-03-13 14:56:18
Usuario: TESTSystem | Nombre: Testeo | Fecha: 2026-03-13 15:14:46
Usuario: TESTSystem | Nombre: Testeo | Fecha: 2026-03-15 13:08:09
Usuario: TESTSystem | Nombre: Testeo | Fecha: 2026-03-16 12:46:47
-------------------------------------------------------------------
			NEW LOG VERSION V1
-------------------------------------------------------------------
[2026-03-16 14:22:23] ✅ ONARTUA: TESTSystem     | IZENA: [######] 
-------------------------------------------------------------------
[2026-03-16 14:22:36] ❌ ERROREA: Erabiltzaile edo pasahitz okerra 
ERABILTZAILEA: TESTError       | PASAHITZA: ERRORerror 
-------------------------------------------------------------------
[2026-03-17 08:26:13] ✅ ONARTUA: TESTSystem     | IZENA: [######] 
-------------------------------------------------------------------
[2026-03-17 08:26:36] ❌ ERROREA: Erabiltzaile edo pasahitz okerra 
ERABILTZAILEA: TestSystem      | PASAHITZA: TestError 
-------------------------------------------------------------------
			NEW LOG VERSION V2
-------------------------------------------------------------------
[2026-03-17 08:50:53] ✅ ONARTUA: [##########]   | IZENA: [######] 
-------------------------------------------------------------------
[2026-03-17 08:51:42] ✅ ONARTUA: [##########]   | IZENA: [######] 
-------------------------------------------------------------------
[2026-03-17 08:52:02] ❌ ERROREA: Erabiltzaile edo pasahitz okerra 
ERABILTZAILEA: [##########]   | PASAHITZA: [PARAMETRO INDISPONIBLE] 
-------------------------------------------------------------------
[2026-03-17 08:56:13] ✅ ONARTUA: [##########]   | IZENA: [######] 
-------------------------------------------------------------------
[2026-03-17 08:56:34] ❌ ERROREA: Erabiltzaile edo pasahitz okerra 
ERABILTZAILEA: [##########]   | PASAHITZA: [PARAMETRO INDISPONIBLE] 
-------------------------------------------------------------------
[2026-03-17 08:57:22] ✅ ONARTUA: F.Alo          | IZENA: Fernando 
-------------------------------------------------------------------
[2026-03-17 08:57:42] ✅ ONARTUA: Mazda787b      | IZENA: Mazda 
-------------------------------------------------------------------
[2026-03-17 08:58:20] ❌ ERROREA: Erabiltzaile edo pasahitz okerra 
ERABILTZAILEA: [NORMAL USER]  | PASAHITZA: [PARAMETRO INDISPONIBLE] 
-------------------------------------------------------------------
[2026-03-17 08:58:51] ❌ ERROREA: Erabiltzaile edo pasahitz okerra 
ERABILTZAILEA: [NORMAL USER]  | PASAHITZA: [PARAMETRO INDISPONIBLE] 
-------------------------------------------------------------------
[2026-03-17 09:08:35] ✅ ONARTUA: [##########]   | IZENA: [######] 
-------------------------------------------------------------------
[2026-03-17 09:08:48] ❌ ERROREA: Erabiltzaile edo pasahitz okerra 
ERABILTZAILEA: [##########]   | PASAHITZA: [PARAMETRO INDISPONIBLE] 
-------------------------------------------------------------------
[2026-03-17 09:09:06] ❌ ERROREA: Erabiltzaile edo pasahitz okerra 
ERABILTZAILEA: [NORMAL USER]  | PASAHITZA: [PARAMETRO INDISPONIBLE] 
-------------------------------------------------------------------
[2026-03-17 09:09:24] ❌ ERROREA: Erabiltzaile edo pasahitz okerra 
ERABILTZAILEA: [NORMAL USER]  | PASAHITZA: [PARAMETRO INDISPONIBLE] 
-------------------------------------------------------------------
[2026-03-17 10:24:10] ✅ ONARTUA: [##########]   | IZENA: [######] 
-------------------------------------------------------------------
[2026-03-17 10:24:45] ❌ ERROREA: Erabiltzaile edo pasahitz okerra 
ERABILTZAILEA: [##########]   | PASAHITZA: [PARAMETRO INDISPONIBLE] 
-------------------------------------------------------------------
[2026-03-18 13:09:29] ✅ ONARTUA: [##########]   | IZENA: [######] 
-------------------------------------------------------------------
[2026-03-18 13:09:45] ❌ ERROREA: Erabiltzaile edo pasahitz okerra 
ERABILTZAILEA: [##########]   | PASAHITZA: [PARAMETRO INDISPONIBLE] 
-------------------------------------------------------------------
[2026-03-18 13:16:05] ❌ ERROREA: Erabiltzaile edo pasahitz okerra 
ERABILTZAILEA: [NORMAL USER]  | PASAHITZA: [PARAMETRO INDISPONIBLE] 
-------------------------------------------------------------------
[2026-03-18 13:16:19] ❌ ERROREA: Erabiltzaile edo pasahitz okerra 
ERABILTZAILEA: [##########]   | PASAHITZA: [PARAMETRO INDISPONIBLE] 
-------------------------------------------------------------------
[2026-03-18 13:16:31] ✅ ONARTUA: [##########]   | IZENA: [######] 
-------------------------------------------------------------------
[2026-03-23 10:08:09] ✅ ONARTUA: [##########]   | IZENA: [######] 
-------------------------------------------------------------------
[2026-03-23 10:23:03] ✅ ONARTUA: [##########]   | IZENA: [######] 
-------------------------------------------------------------------
[2026-03-23 10:59:11] ❌ ERROREA: Erabiltzaile edo pasahitz okerra 
ERABILTZAILEA: [##########]   | PASAHITZA: [PARAMETRO INDISPONIBLE] 
-------------------------------------------------------------------
[2026-03-23 10:59:22] ✅ ONARTUA: [##########]   | IZENA: [######] 
-------------------------------------------------------------------
[2026-03-24 08:23:57] ✅ ONARTUA: [##########]   | IZENA: [######] 
-------------------------------------------------------------------
[2026-03-24 08:24:40] ✅ ONARTUA: [##########]   | IZENA: [######] 
-------------------------------------------------------------------
[2026-03-24 08:26:45] ❌ ERROREA: Erabiltzaile edo pasahitz okerra 
ERABILTZAILEA: [##########]   | PASAHITZA: [PARAMETRO INDISPONIBLE] 
-------------------------------------------------------------------
[2026-03-24 08:26:52] ❌ ERROREA: Erabiltzaile edo pasahitz okerra 
ERABILTZAILEA: [##########]   | PASAHITZA: [PARAMETRO INDISPONIBLE] 
-------------------------------------------------------------------
[2026-03-24 08:27:00] ❌ ERROREA: Erabiltzaile edo pasahitz okerra 
ERABILTZAILEA: [##########]   | PASAHITZA: [PARAMETRO INDISPONIBLE] 
-------------------------------------------------------------------
[2026-03-24 08:27:05] ✅ ONARTUA: [##########]   | IZENA: [######] 
-------------------------------------------------------------------
[2026-03-24 08:57:27] ✅ ONARTUA: [##########]   | IZENA: [######] 
-------------------------------------------------------------------
[2026-03-24 08:58:19] ❌ ERROREA: Erabiltzaile edo pasahitz okerra 
ERABILTZAILEA: [##########]   | PASAHITZA: [PARAMETRO INDISPONIBLE] 
-------------------------------------------------------------------
[2026-03-24 08:58:22] ❌ ERROREA: Erabiltzaile edo pasahitz okerra 
ERABILTZAILEA: [NORMAL USER]  | PASAHITZA: [PARAMETRO INDISPONIBLE] 
-------------------------------------------------------------------
[2026-03-24 08:58:25] ❌ ERROREA: Erabiltzaile edo pasahitz okerra 
ERABILTZAILEA: [NORMAL USER]  | PASAHITZA: [PARAMETRO INDISPONIBLE] 
-------------------------------------------------------------------
[2026-03-24 08:58:32] ❌ ERROREA: Erabiltzaile edo pasahitz okerra 
ERABILTZAILEA: [##########]   | PASAHITZA: [PARAMETRO INDISPONIBLE] 
-------------------------------------------------------------------
[2026-03-24 08:58:36] ✅ ONARTUA: [##########]   | IZENA: [######] 
-------------------------------------------------------------------
[2026-03-25 10:30:04] ✅ ONARTUA: [##########]   | IZENA: [######] 
-------------------------------------------------------------------
[2026-03-25 10:30:32] ✅ ONARTUA: [##########]   | IZENA: [######] 
-------------------------------------------------------------------
[2026-03-25 10:42:48] ✅ ONARTUA: [##########]   | IZENA: [######] 
-------------------------------------------------------------------
[2026-03-25 10:57:17] ✅ ONARTUA: [##########]   | IZENA: [######] 
-------------------------------------------------------------------
[2026-03-25 11:01:52] ✅ ONARTUA: [##########]   | IZENA: [######] 
-------------------------------------------------------------------
[2026-03-25 11:35:07] ✅ ONARTUA: [##########]   | IZENA: [######] 
-------------------------------------------------------------------
[2026-03-25 11:41:23] ✅ ONARTUA: [##########]   | IZENA: [######] 
-------------------------------------------------------------------
[2026-03-25 11:42:55] ✅ ONARTUA: [##########]   | IZENA: [######] 
-------------------------------------------------------------------
[2026-03-25 11:47:40] ✅ ONARTUA: [##########]   | IZENA: [######] 
-------------------------------------------------------------------
[2026-03-25 11:48:49] ✅ ONARTUA: [##########]   | IZENA: [######] 
-------------------------------------------------------------------
[2026-03-25 12:45:51] ✅ ONARTUA: [##########]   | IZENA: [######] 
-------------------------------------------------------------------
[2026-03-25 12:56:27] ✅ ONARTUA: [##########]   | IZENA: [######] 
-------------------------------------------------------------------
[2026-03-25 12:59:58] ✅ ONARTUA: [##########]   | IZENA: [######] 
-------------------------------------------------------------------
[2026-03-25 13:00:22] ✅ ONARTUA: [##########]   | IZENA: [######] 
-------------------------------------------------------------------
[2026-03-25 13:15:47] ❌ ERROREA: Erabiltzaile edo pasahitz okerra 
ERABILTZAILEA: [##########]   | PASAHITZA: [PARAMETRO INDISPONIBLE] 
-------------------------------------------------------------------
[2026-03-25 13:15:56] ❌ ERROREA: Erabiltzaile edo pasahitz okerra 
ERABILTZAILEA: [##########]   | PASAHITZA: [PARAMETRO INDISPONIBLE] 
-------------------------------------------------------------------
[2026-03-25 13:16:09] ✅ ONARTUA: [##########]   | IZENA: [######] 
-------------------------------------------------------------------
[2026-03-25 13:45:46] ✅ ONARTUA: [##########]   | IZENA: [######] 
-------------------------------------------------------------------
[2026-03-25 13:50:03] ✅ ONARTUA: [##########]   | IZENA: [######] 
-------------------------------------------------------------------
[2026-03-25 14:10:00] ✅ ONARTUA: [##########]   | IZENA: [######] 
-------------------------------------------------------------------
[2026-03-25 14:11:58] ✅ ONARTUA: [##########]   | IZENA: [######] 
-------------------------------------------------------------------
[2026-03-25 14:14:10] ✅ ONARTUA: [##########]   | IZENA: [######] 
-------------------------------------------------------------------
[2026-03-26 10:47:43] ✅ ONARTUA: [##########]   | IZENA: [######] 
-------------------------------------------------------------------
[2026-03-26 10:48:36] ❌ ERROREA: Erabiltzaile edo pasahitz okerra 
ERABILTZAILEA: [##########]   | PASAHITZA: [PARAMETRO INDISPONIBLE] 
-------------------------------------------------------------------
[2026-03-26 10:48:50] ❌ ERROREA: Erabiltzaile edo pasahitz okerra 
ERABILTZAILEA: [NORMAL USER]  | PASAHITZA: [PARAMETRO INDISPONIBLE] 
-------------------------------------------------------------------
[2026-03-26 11:44:37] ✅ ONARTUA: [##########]   | IZENA: [######] 
-------------------------------------------------------------------
[2026-03-26 11:47:41] ✅ ONARTUA: [##########]   | IZENA: [######] 
-------------------------------------------------------------------
[2026-03-26 11:50:28] ✅ ONARTUA: [##########]   | IZENA: [######] 
-------------------------------------------------------------------
[2026-03-26 11:56:29] ✅ ONARTUA: [##########]   | IZENA: [######] 
-------------------------------------------------------------------
[2026-03-26 12:07:39] ❌ ERROREA: Erabiltzaile edo pasahitz okerra 
ERABILTZAILEA: [##########]   | PASAHITZA: [PARAMETRO INDISPONIBLE] 
-------------------------------------------------------------------
[2026-03-26 12:07:52] ❌ ERROREA: Erabiltzaile edo pasahitz okerra 
ERABILTZAILEA: [##########]   | PASAHITZA: [PARAMETRO INDISPONIBLE] 
-------------------------------------------------------------------
[2026-03-26 12:07:58] ✅ ONARTUA: [##########]   | IZENA: [######] 
-------------------------------------------------------------------
[2026-03-26 12:08:18] ✅ ONARTUA: [##########]   | IZENA: [######] 
-------------------------------------------------------------------
[2026-03-27 08:18:32] ✅ ONARTUA: [##########]   | IZENA: [######] 
-------------------------------------------------------------------
[2026-03-27 08:21:37] ✅ ONARTUA: [##########]   | IZENA: [######] 
-------------------------------------------------------------------
[2026-03-27 08:25:35] ✅ ONARTUA: [##########]   | IZENA: [######] 
-------------------------------------------------------------------
[2026-03-27 08:26:57] ✅ ONARTUA: [##########]   | IZENA: [######] 
-------------------------------------------------------------------
[2026-03-27 08:39:36] ✅ ONARTUA: [##########]   | IZENA: [######] 
-------------------------------------------------------------------
[2026-03-27 08:56:39] ✅ ONARTUA: [##########]   | IZENA: [######] 
-------------------------------------------------------------------
[2026-03-27 08:58:40] ✅ ONARTUA: [##########]   | IZENA: [######] 
-------------------------------------------------------------------
[2026-03-27 09:00:04] ✅ ONARTUA: [##########]   | IZENA: [######] 
-------------------------------------------------------------------
[2026-03-27 09:03:47] ✅ ONARTUA: [##########]   | IZENA: [######] 
-------------------------------------------------------------------
[2026-03-27 09:06:34] ✅ ONARTUA: [##########]   | IZENA: [######] 
-------------------------------------------------------------------
[2026-03-27 09:07:21] ✅ ONARTUA: [##########]   | IZENA: [######] 
-------------------------------------------------------------------
[2026-03-27 09:07:58] ✅ ONARTUA: [##########]   | IZENA: [######] 
-------------------------------------------------------------------
[2026-03-27 09:08:47] ✅ ONARTUA: [##########]   | IZENA: [######] 
-------------------------------------------------------------------
[2026-03-27 09:10:22] ✅ ONARTUA: [##########]   | IZENA: [######] 
-------------------------------------------------------------------
[2026-03-27 09:11:28] ✅ ONARTUA: [##########]   | IZENA: [######] 
-------------------------------------------------------------------
[2026-03-27 09:15:36] ✅ ONARTUA: [##########]   | IZENA: [######] 
-------------------------------------------------------------------
[2026-03-27 09:17:00] ❌ ERROREA: Erabiltzaile edo pasahitz okerra 
ERABILTZAILEA: [##########]   | PASAHITZA: [PARAMETRO INDISPONIBLE] 
-------------------------------------------------------------------
[2026-03-27 09:17:07] ❌ ERROREA: Erabiltzaile edo pasahitz okerra 
ERABILTZAILEA: [##########]   | PASAHITZA: [PARAMETRO INDISPONIBLE] 
-------------------------------------------------------------------
[2026-03-27 09:17:14] ✅ ONARTUA: [##########]   | IZENA: [######] 
-------------------------------------------------------------------
[2026-03-27 09:22:08] ✅ ONARTUA: [##########]   | IZENA: [######] 
-------------------------------------------------------------------
[2026-03-27 09:27:32] ✅ ONARTUA: [##########]   | IZENA: [######] 
-------------------------------------------------------------------
[2026-03-27 09:28:32] ✅ ONARTUA: [##########]   | IZENA: [######] 
-------------------------------------------------------------------
[2026-03-27 10:17:29] ❌ ERROREA: Erabiltzaile edo pasahitz okerra 
ERABILTZAILEA: [##########]   | PASAHITZA: [PARAMETRO INDISPONIBLE] 
-------------------------------------------------------------------
[2026-03-27 10:17:30] ❌ ERROREA: Erabiltzaile edo pasahitz okerra 
ERABILTZAILEA: [##########]   | PASAHITZA: [PARAMETRO INDISPONIBLE] 
-------------------------------------------------------------------
[2026-03-27 10:17:36] ✅ ONARTUA: [##########]   | IZENA: [######] 
-------------------------------------------------------------------
[2026-03-27 10:17:58] ✅ ONARTUA: [##########]   | IZENA: [######] 
-------------------------------------------------------------------
